<?xml version="1.0" encoding="UTF-8"?>
<!-- Generated by org.testng.reporters.JUnitReportReporter -->
<testsuite skipped="2" hostname="DESKTOP-CMANQCD" name="com.sample.Learning_Rest_Assured.API.ValidateCreateCustomerAPI" tests="2" failures="0" timestamp="2020-05-31T01:37:19 PDT" time="0.000" errors="0">
  <testcase name="ValidateCreateCustomerAPIWithValidAuthKey" time="0.000" classname="com.sample.Learning_Rest_Assured.API.ValidateCreateCustomerAPI">
    <skipped/>
  </testcase> <!-- ValidateCreateCustomerAPIWithValidAuthKey -->
  <testcase name="ValidateCreateCustomerAPIWithInValidAuthKey" time="0.000" classname="com.sample.Learning_Rest_Assured.API.ValidateCreateCustomerAPI">
    <skipped/>
  </testcase> <!-- ValidateCreateCustomerAPIWithInValidAuthKey -->
</testsuite> <!-- com.sample.Learning_Rest_Assured.API.ValidateCreateCustomerAPI -->
