<?xml version="1.0" encoding="UTF-8"?>
<!-- Generated by org.testng.reporters.JUnitReportReporter -->
<testsuite skipped="0" hostname="DESKTOP-CMANQCD" name="com.sample.Learning_RestAssured.TestSetup.SampleTestCase" tests="2" failures="0" timestamp="2020-05-31T01:44:02 PDT" time="0.011" errors="0">
  <testcase name="validatesignup" time="0.006" classname="com.sample.Learning_RestAssured.TestSetup.SampleTestCase"/>
  <testcase name="login" time="0.005" classname="com.sample.Learning_RestAssured.TestSetup.SampleTestCase"/>
</testsuite> <!-- com.sample.Learning_RestAssured.TestSetup.SampleTestCase -->
