<?xml version="1.0" encoding="UTF-8"?>
<!-- Generated by org.testng.reporters.JUnitReportReporter -->
<testsuite skipped="0" hostname="DESKTOP-CMANQCD" name="com.sample.Learning_RestAssured.TestSetup.ValidateCreateCustomerAPI" tests="2" failures="0" timestamp="2020-05-31T01:44:02 PDT" time="4.669" errors="0">
  <testcase name="ValidateCreateCustomerAPIWithValidSecretKey" time="3.689" classname="com.sample.Learning_RestAssured.TestSetup.ValidateCreateCustomerAPI"/>
  <testcase name="ValidateCreateCustomerAPIWithValidSecretKey" time="0.980" classname="com.sample.Learning_RestAssured.TestSetup.ValidateCreateCustomerAPI"/>
</testsuite> <!-- com.sample.Learning_RestAssured.TestSetup.ValidateCreateCustomerAPI -->
